<?xml version="1.0" encoding="UTF-8"?>
<!-- Generated by org.testng.reporters.JUnitXMLReporter -->
<testsuite ignored="0" hostname="RaihanPC" failures="0" tests="3" name="Default test" time="43.152" errors="0" timestamp="2022-05-04T14:23:36 EDT">
  <testcase classname="HW_18_selenium.Mouse_hover_action_test" name="mouseHoverOnMyEbay" time="10.693"/>
  <testcase classname="HW_18_selenium.Mouse_hover_action_test" name="mouseHoverOnWatchList" time="10.182"/>
  <testcase classname="HW_18_selenium.Mouse_hover_action_test" name="mouseHoverOnWatchList" time="10.195"/>
</testsuite> <!-- Default test -->
