<?xml version="1.0" encoding="UTF-8"?>
<testng-results ignored="0" total="1" passed="1" failed="0" skipped="0">
  <reporter-output>
  </reporter-output>
  <suite started-at="2022-03-22T11:36:59 EDT" name="Default suite" finished-at="2022-03-22T11:37:16 EDT" duration-ms="16944">
    <groups>
    </groups>
    <test started-at="2022-03-22T11:36:59 EDT" name="Default test" finished-at="2022-03-22T11:37:16 EDT" duration-ms="16944">
      <class name="hw15.Use_of_click_method_by_CSS_selector_class">
        <test-method is-config="true" signature="setUp()[pri:0, instance:hw15.Use_of_click_method_by_CSS_selector_class@51e69659]" started-at="2022-03-22T11:36:59 EDT" name="setUp" finished-at="2022-03-22T11:37:10 EDT" duration-ms="11091" status="PASS">
          <reporter-output>
          </reporter-output>
        </test-method> <!-- setUp -->
        <test-method signature="investorFooterTest()[pri:1, instance:hw15.Use_of_click_method_by_CSS_selector_class@51e69659]" started-at="2022-03-22T11:37:10 EDT" name="investorFooterTest" finished-at="2022-03-22T11:37:15 EDT" duration-ms="5211" status="PASS">
          <reporter-output>
          </reporter-output>
        </test-method> <!-- investorFooterTest -->
        <test-method is-config="true" signature="tearUp()[pri:0, instance:hw15.Use_of_click_method_by_CSS_selector_class@51e69659]" started-at="2022-03-22T11:37:15 EDT" name="tearUp" finished-at="2022-03-22T11:37:16 EDT" duration-ms="583" status="PASS">
          <reporter-output>
          </reporter-output>
        </test-method> <!-- tearUp -->
      </class> <!-- hw15.Use_of_click_method_by_CSS_selector_class -->
    </test> <!-- Default test -->
  </suite> <!-- Default suite -->
</testng-results>
